f:\cavestory\cavestory\cavestory\debug\vc120.pdb
f:\cavestory\cavestory\cavestory\debug\vc120.idb
f:\cavestory\cavestory\cavestory\debug\animatedsprite.nativecodeanalysis.xml
f:\cavestory\cavestory\cavestory\debug\game.nativecodeanalysis.xml
f:\cavestory\cavestory\cavestory\debug\graphics.nativecodeanalysis.xml
f:\cavestory\cavestory\cavestory\debug\input.nativecodeanalysis.xml
f:\cavestory\cavestory\cavestory\debug\level.nativecodeanalysis.xml
f:\cavestory\cavestory\cavestory\debug\main.nativecodeanalysis.xml
f:\cavestory\cavestory\cavestory\debug\player.nativecodeanalysis.xml
f:\cavestory\cavestory\cavestory\debug\sprite.nativecodeanalysis.xml
f:\cavestory\cavestory\cavestory\debug\tile.nativecodeanalysis.xml
f:\cavestory\cavestory\cavestory\debug\tinyxml2.nativecodeanalysis.xml
f:\cavestory\cavestory\cavestory\debug\tinyxml2.obj
f:\cavestory\cavestory\cavestory\debug\tinyxml2.cod
f:\cavestory\cavestory\cavestory\debug\tile.obj
f:\cavestory\cavestory\cavestory\debug\tile.cod
f:\cavestory\cavestory\cavestory\debug\sprite.obj
f:\cavestory\cavestory\cavestory\debug\sprite.cod
f:\cavestory\cavestory\cavestory\debug\player.obj
f:\cavestory\cavestory\cavestory\debug\player.cod
f:\cavestory\cavestory\cavestory\debug\main.obj
f:\cavestory\cavestory\cavestory\debug\main.cod
f:\cavestory\cavestory\cavestory\debug\level.obj
f:\cavestory\cavestory\cavestory\debug\level.cod
f:\cavestory\cavestory\cavestory\debug\input.obj
f:\cavestory\cavestory\cavestory\debug\input.cod
f:\cavestory\cavestory\cavestory\debug\graphics.obj
f:\cavestory\cavestory\cavestory\debug\graphics.cod
f:\cavestory\cavestory\cavestory\debug\game.obj
f:\cavestory\cavestory\cavestory\debug\game.cod
f:\cavestory\cavestory\cavestory\debug\animatedsprite.obj
f:\cavestory\cavestory\cavestory\debug\animatedsprite.cod
f:\cavestory\cavestory\debug\cavestory.ilk
f:\cavestory\cavestory\debug\cavestory.exe
f:\cavestory\cavestory\debug\cavestory.pdb
f:\cavestory\cavestory\cavestory\debug\nativecodeanalysis.read.1.tlog
f:\cavestory\cavestory\cavestory\debug\vc.nativecodeanalysis.all.xml
f:\cavestory\cavestory\debug\cavestory.exe.lastcodeanalysissucceeded
f:\cavestory\cavestory\cavestory\debug\cavestory.tlog\cl.command.1.tlog
f:\cavestory\cavestory\cavestory\debug\cavestory.tlog\cl.read.1.tlog
f:\cavestory\cavestory\cavestory\debug\cavestory.tlog\cl.write.1.tlog
f:\cavestory\cavestory\cavestory\debug\cavestory.tlog\link.command.1.tlog
f:\cavestory\cavestory\cavestory\debug\cavestory.tlog\link.read.1.tlog
f:\cavestory\cavestory\cavestory\debug\cavestory.tlog\link.write.1.tlog
